2025-01-11 23:52:14,209 - INFO - База данных и таблицы успешно созданы или уже существуют.
2025-01-11 23:52:14,209 - INFO - Бот запускается...
2025-01-11 23:53:33,685 - INFO - База данных и таблицы успешно созданы или уже существуют.
2025-01-11 23:53:33,685 - INFO - Бот запускается...
2025-01-11 23:59:47,301 - INFO - База данных и таблицы успешно созданы или уже существуют.
2025-01-11 23:59:47,301 - INFO - Бот запускается...
2025-01-11 23:59:55,024 - INFO - Received message: /start
2025-01-12 00:01:48,722 - INFO - База данных и таблицы успешно созданы или уже существуют.
2025-01-12 00:01:48,736 - INFO - Бот запускается...
2025-01-12 00:03:01,738 - INFO - База данных и таблицы успешно созданы или уже существуют.
2025-01-12 00:03:01,738 - INFO - Бот запускается...
2025-01-12 00:04:52,108 - INFO - База данных и таблицы успешно созданы или уже существуют.
2025-01-12 00:04:52,109 - INFO - Бот запускается...
2025-01-12 00:04:59,633 - INFO - Пользователь 6117433644 выбрал роль 'Админ'.
2025-01-12 00:04:59,634 - INFO - Получение пароля администратора.
2025-01-12 00:04:59,634 - INFO - Пароль администратора получен: не найден.
2025-01-12 00:05:21,431 - INFO - Пользователь 6117433644 выбрал роль 'Админ'.
2025-01-12 00:05:21,433 - INFO - Получение пароля администратора.
2025-01-12 00:05:21,434 - INFO - Пароль администратора получен: не найден.
2025-01-12 00:08:48,048 - INFO - База данных и таблицы успешно созданы или уже существуют.
2025-01-12 00:08:48,048 - INFO - Бот запускается...
2025-01-12 00:08:59,585 - INFO - Пользователь 6117433644 выбрал роль 'Админ'.
2025-01-12 00:08:59,587 - INFO - Получение пароля администратора.
2025-01-12 00:08:59,590 - INFO - Пароль администратора получен: не найден.
2025-01-12 00:16:58,961 - INFO - База данных и таблицы успешно созданы или уже существуют.
2025-01-12 00:16:58,961 - INFO - Бот запускается...
2025-01-12 00:17:07,275 - INFO - Пользователь 6117433644 выбрал роль 'Админ'.
2025-01-12 00:17:07,277 - INFO - Получение пароля администратора.
2025-01-12 00:17:07,280 - INFO - Пароль администратора получен: не найден.
2025-01-12 00:23:29,119 - INFO - База данных и таблицы успешно созданы или уже существуют.
2025-01-12 00:23:29,119 - INFO - Бот запускается...
2025-01-12 00:23:42,629 - INFO - Пользователь 6117433644 выбрал роль 'Админ'.
2025-01-12 00:26:57,244 - INFO - База данных и таблицы успешно созданы или уже существуют.
2025-01-12 00:26:57,245 - INFO - Бот запускается...
2025-01-12 00:27:05,592 - INFO - Пользователь 6117433644 выбрал роль 'Админ'.
2025-01-12 00:29:12,524 - INFO - Пользователь 6117433644 выбрал роль 'Админ'.
2025-01-12 00:36:56,671 - INFO - База данных и таблицы успешно созданы или уже существуют.
2025-01-12 00:36:56,671 - INFO - Создание таблицы администратора.
2025-01-12 00:36:56,672 - INFO - Таблица администратора успешно создана или уже существует.
2025-01-12 00:36:56,672 - INFO - Пароль администратора не найден. Устанавливаем новый пароль.
2025-01-12 00:36:56,672 - ERROR - Ошибка при создании таблицы admin: set_admin_password_manually() got multiple values for argument 'conn'
2025-01-12 00:42:10,372 - INFO - Создание таблицы администратора.
2025-01-12 00:42:10,373 - INFO - Таблица администратора успешно создана или уже существует.
2025-01-12 00:42:10,373 - INFO - Пароль администратора не найден. Устанавливаем новый пароль.
2025-01-12 00:42:10,373 - ERROR - Ошибка при создании таблицы admin: set_admin_password_manually() got multiple values for argument 'conn'
2025-01-12 00:42:57,765 - INFO - Создание таблицы администратора.
2025-01-12 00:42:57,765 - INFO - Таблица администратора успешно создана или уже существует.
2025-01-12 00:42:57,765 - INFO - Пароль администратора не найден. Устанавливаем новый пароль.
2025-01-12 00:42:57,765 - ERROR - Ошибка при создании таблицы admin: set_admin_password_manually() got multiple values for argument 'conn'
2025-01-12 00:44:57,369 - INFO - Создание таблицы администратора.
2025-01-12 00:44:57,369 - INFO - Таблица администратора успешно создана или уже существует.
2025-01-12 00:44:57,369 - INFO - Пароль администратора не найден. Устанавливаем новый пароль.
2025-01-12 00:44:57,369 - ERROR - Ошибка при создании таблицы admin: set_admin_password_manually() got multiple values for argument 'conn'
